2016-05-23 00:36:43,922 - __main__ - INFO - Retrieved artist Doja Cat with id 8030683 from database.
2016-05-23 00:36:43,922 - __main__ - INFO - Retrieved artist Lolawolf with id 7436004 from database.
2016-05-23 00:36:43,922 - __main__ - INFO - Finished getting all artist profiles from Database.
2016-05-23 00:36:53,760 - __main__ - INFO - Requesting Gigography for: 8030683 with Page: 1
2016-05-23 00:36:54,108 - __main__ - INFO - Successfully received Gigography for: 8030683 with Page: 1
2016-05-23 00:36:54,108 - __main__ - INFO - Attempting to save event with id: 20208573
2016-05-23 00:36:54,108 - __main__ - INFO - DEBUG: Bypassed saving event with id: 20208573
2016-05-23 00:36:54,108 - __main__ - INFO - Attempting to save event with id: 19723969
2016-05-23 00:36:54,109 - __main__ - INFO - DEBUG: Bypassed saving event with id: 19723969
2016-05-23 00:36:54,109 - __main__ - INFO - Attempting to save event with id: 20783713
2016-05-23 00:36:54,109 - __main__ - INFO - DEBUG: Bypassed saving event with id: 20783713
2016-05-23 00:36:54,109 - __main__ - INFO - Attempting to save event with id: 20543438
2016-05-23 00:36:54,109 - __main__ - INFO - DEBUG: Bypassed saving event with id: 20543438
2016-05-23 00:36:54,109 - __main__ - INFO - Attempting to save event with id: 20461853
2016-05-23 00:36:54,109 - __main__ - INFO - DEBUG: Bypassed saving event with id: 20461853
2016-05-23 00:36:54,109 - __main__ - INFO - Attempting to save event with id: 20988033
2016-05-23 00:36:54,109 - __main__ - INFO - DEBUG: Bypassed saving event with id: 20988033
2016-05-23 00:36:54,109 - __main__ - INFO - Attempting to save event with id: 20423403
2016-05-23 00:36:54,109 - __main__ - INFO - DEBUG: Bypassed saving event with id: 20423403
2016-05-23 00:36:54,109 - __main__ - INFO - Attempting to save event with id: 21173288
2016-05-23 00:36:54,109 - __main__ - INFO - DEBUG: Bypassed saving event with id: 21173288
2016-05-23 00:36:54,109 - __main__ - INFO - Attempting to save event with id: 21132718
2016-05-23 00:36:54,109 - __main__ - INFO - DEBUG: Bypassed saving event with id: 21132718
2016-05-23 00:36:54,109 - __main__ - INFO - Attempting to save event with id: 20957943
2016-05-23 00:36:54,109 - __main__ - INFO - DEBUG: Bypassed saving event with id: 20957943
2016-05-23 00:36:54,109 - __main__ - INFO - Attempting to save event with id: 21042373
2016-05-23 00:36:54,110 - __main__ - INFO - DEBUG: Bypassed saving event with id: 21042373
2016-05-23 00:36:54,110 - __main__ - INFO - Attempting to save event with id: 21535603
2016-05-23 00:36:54,110 - __main__ - INFO - DEBUG: Bypassed saving event with id: 21535603
2016-05-23 00:36:54,110 - __main__ - INFO - Attempting to save event with id: 21421993
2016-05-23 00:36:54,110 - __main__ - INFO - DEBUG: Bypassed saving event with id: 21421993
2016-05-23 00:36:54,110 - __main__ - INFO - Attempting to save event with id: 21750828
2016-05-23 00:36:54,110 - __main__ - INFO - DEBUG: Bypassed saving event with id: 21750828
2016-05-23 00:36:54,110 - __main__ - INFO - Attempting to save event with id: 21764208
2016-05-23 00:36:54,110 - __main__ - INFO - DEBUG: Bypassed saving event with id: 21764208
2016-05-23 00:36:54,110 - __main__ - INFO - Attempting to save event with id: 21870668
2016-05-23 00:36:54,110 - __main__ - INFO - DEBUG: Bypassed saving event with id: 21870668
2016-05-23 00:36:54,110 - __main__ - INFO - Attempting to save event with id: 22151168
2016-05-23 00:36:54,110 - __main__ - INFO - DEBUG: Bypassed saving event with id: 22151168
2016-05-23 00:36:54,110 - __main__ - INFO - Attempting to save event with id: 22151173
2016-05-23 00:36:54,110 - __main__ - INFO - DEBUG: Bypassed saving event with id: 22151173
2016-05-23 00:36:54,110 - __main__ - INFO - Attempting to save event with id: 21875553
2016-05-23 00:36:54,110 - __main__ - INFO - DEBUG: Bypassed saving event with id: 21875553
2016-05-23 00:36:54,110 - __main__ - INFO - Attempting to save event with id: 22026458
2016-05-23 00:36:54,110 - __main__ - INFO - DEBUG: Bypassed saving event with id: 22026458
2016-05-23 00:36:54,110 - __main__ - INFO - Attempting to save event with id: 22217633
2016-05-23 00:36:54,110 - __main__ - INFO - DEBUG: Bypassed saving event with id: 22217633
2016-05-23 00:36:54,110 - __main__ - INFO - Attempting to save event with id: 22441483
2016-05-23 00:36:54,111 - __main__ - INFO - DEBUG: Bypassed saving event with id: 22441483
2016-05-23 00:36:54,111 - __main__ - INFO - Attempting to save event with id: 22439233
2016-05-23 00:36:54,111 - __main__ - INFO - DEBUG: Bypassed saving event with id: 22439233
2016-05-23 00:36:54,111 - __main__ - INFO - Attempting to save event with id: 22439253
2016-05-23 00:36:54,111 - __main__ - INFO - DEBUG: Bypassed saving event with id: 22439253
2016-05-23 00:36:54,111 - __main__ - INFO - Attempting to save event with id: 22491693
2016-05-23 00:36:54,111 - __main__ - INFO - DEBUG: Bypassed saving event with id: 22491693
2016-05-23 00:36:54,111 - __main__ - INFO - Attempting to save event with id: 22438908
2016-05-23 00:36:54,111 - __main__ - INFO - DEBUG: Bypassed saving event with id: 22438908
2016-05-23 00:36:54,111 - __main__ - INFO - Attempting to save event with id: 22437003
2016-05-23 00:36:54,111 - __main__ - INFO - DEBUG: Bypassed saving event with id: 22437003
2016-05-23 00:36:54,111 - __main__ - INFO - Attempting to save event with id: 22381043
2016-05-23 00:36:54,111 - __main__ - INFO - DEBUG: Bypassed saving event with id: 22381043
2016-05-23 00:36:54,111 - __main__ - INFO - Attempting to save event with id: 22441758
2016-05-23 00:36:54,111 - __main__ - INFO - DEBUG: Bypassed saving event with id: 22441758
2016-05-23 00:36:54,111 - __main__ - INFO - Attempting to save event with id: 22436838
2016-05-23 00:36:54,111 - __main__ - INFO - DEBUG: Bypassed saving event with id: 22436838
2016-05-23 00:36:54,111 - __main__ - INFO - Attempting to save event with id: 22441768
2016-05-23 00:36:54,111 - __main__ - INFO - DEBUG: Bypassed saving event with id: 22441768
2016-05-23 00:36:54,111 - __main__ - INFO - Attempting to save event with id: 22438958
2016-05-23 00:36:54,111 - __main__ - INFO - DEBUG: Bypassed saving event with id: 22438958
2016-05-23 00:36:54,112 - __main__ - INFO - Attempting to save event with id: 24750699
2016-05-23 00:36:54,112 - __main__ - INFO - DEBUG: Bypassed saving event with id: 24750699
2016-05-23 00:36:54,112 - __main__ - INFO - Attempting to save event with id: 24738309
2016-05-23 00:36:54,112 - __main__ - INFO - DEBUG: Bypassed saving event with id: 24738309
2016-05-23 00:36:54,112 - __main__ - INFO - Saved event data for Doja Cat (id: 8030683) with page 1, [0/2 artists]
2016-05-23 00:37:04,110 - __main__ - INFO - Requesting Gigography for: 8030683 with Page: 2
2016-05-23 00:37:04,439 - __main__ - ERROR - Did not successfully receive Gigography data for: 8030683 page 2
2016-05-23 00:37:04,439 - __main__ - ERROR - JSON dump: {'resultsPage': {'results': {}, 'status': 'ok', 'perPage': 50, 'totalEntries': 34, 'page': 2}}
2016-05-23 00:37:14,440 - __main__ - INFO - Requesting Gigography for: 7436004 with Page: 1
2016-05-23 00:37:15,023 - __main__ - INFO - Successfully received Gigography for: 7436004 with Page: 1
2016-05-23 00:37:15,023 - __main__ - INFO - Attempting to save event with id: 18455969
2016-05-23 00:37:15,023 - __main__ - INFO - DEBUG: Bypassed saving event with id: 18455969
2016-05-23 00:37:15,023 - __main__ - INFO - Attempting to save event with id: 18345469
2016-05-23 00:37:15,023 - __main__ - INFO - DEBUG: Bypassed saving event with id: 18345469
2016-05-23 00:37:15,024 - __main__ - INFO - Attempting to save event with id: 18437964
2016-05-23 00:37:15,024 - __main__ - INFO - DEBUG: Bypassed saving event with id: 18437964
2016-05-23 00:37:15,024 - __main__ - INFO - Attempting to save event with id: 18997994
2016-05-23 00:37:15,024 - __main__ - INFO - DEBUG: Bypassed saving event with id: 18997994
2016-05-23 00:37:15,024 - __main__ - INFO - Attempting to save event with id: 19204194
2016-05-23 00:37:15,024 - __main__ - INFO - DEBUG: Bypassed saving event with id: 19204194
2016-05-23 00:37:15,024 - __main__ - INFO - Attempting to save event with id: 19458854
2016-05-23 00:37:15,024 - __main__ - INFO - DEBUG: Bypassed saving event with id: 19458854
2016-05-23 00:37:15,024 - __main__ - INFO - Attempting to save event with id: 19541244
2016-05-23 00:37:15,024 - __main__ - INFO - DEBUG: Bypassed saving event with id: 19541244
2016-05-23 00:37:15,024 - __main__ - INFO - Attempting to save event with id: 18834119
2016-05-23 00:37:15,024 - __main__ - INFO - DEBUG: Bypassed saving event with id: 18834119
2016-05-23 00:37:15,024 - __main__ - INFO - Attempting to save event with id: 19640764
2016-05-23 00:37:15,024 - __main__ - INFO - DEBUG: Bypassed saving event with id: 19640764
2016-05-23 00:37:15,024 - __main__ - INFO - Attempting to save event with id: 19775599
2016-05-23 00:37:15,024 - __main__ - INFO - DEBUG: Bypassed saving event with id: 19775599
2016-05-23 00:37:15,024 - __main__ - INFO - Attempting to save event with id: 20323983
2016-05-23 00:37:15,024 - __main__ - INFO - DEBUG: Bypassed saving event with id: 20323983
2016-05-23 00:37:15,024 - __main__ - INFO - Attempting to save event with id: 20328813
2016-05-23 00:37:15,024 - __main__ - INFO - DEBUG: Bypassed saving event with id: 20328813
2016-05-23 00:37:15,024 - __main__ - INFO - Attempting to save event with id: 19708594
2016-05-23 00:37:15,024 - __main__ - INFO - DEBUG: Bypassed saving event with id: 19708594
2016-05-23 00:37:15,025 - __main__ - INFO - Attempting to save event with id: 19666239
2016-05-23 00:37:15,025 - __main__ - INFO - DEBUG: Bypassed saving event with id: 19666239
2016-05-23 00:37:15,025 - __main__ - INFO - Attempting to save event with id: 19708614
2016-05-23 00:37:15,025 - __main__ - INFO - DEBUG: Bypassed saving event with id: 19708614
2016-05-23 00:37:15,025 - __main__ - INFO - Attempting to save event with id: 19771839
2016-05-23 00:37:15,025 - __main__ - INFO - DEBUG: Bypassed saving event with id: 19771839
2016-05-23 00:37:15,025 - __main__ - INFO - Attempting to save event with id: 20205438
2016-05-23 00:37:15,025 - __main__ - INFO - DEBUG: Bypassed saving event with id: 20205438
2016-05-23 00:37:15,025 - __main__ - INFO - Attempting to save event with id: 20205448
2016-05-23 00:37:15,025 - __main__ - INFO - DEBUG: Bypassed saving event with id: 20205448
2016-05-23 00:37:15,025 - __main__ - INFO - Attempting to save event with id: 19546194
2016-05-23 00:37:15,025 - __main__ - INFO - DEBUG: Bypassed saving event with id: 19546194
2016-05-23 00:37:15,025 - __main__ - INFO - Attempting to save event with id: 21108418
2016-05-23 00:37:15,025 - __main__ - INFO - DEBUG: Bypassed saving event with id: 21108418
2016-05-23 00:37:15,025 - __main__ - INFO - Attempting to save event with id: 21545908
2016-05-23 00:37:15,025 - __main__ - INFO - DEBUG: Bypassed saving event with id: 21545908
2016-05-23 00:37:15,026 - __main__ - INFO - Attempting to save event with id: 20534463
2016-05-23 00:37:15,026 - __main__ - INFO - DEBUG: Bypassed saving event with id: 20534463
2016-05-23 00:37:15,026 - __main__ - INFO - Attempting to save event with id: 21083578
2016-05-23 00:37:15,026 - __main__ - INFO - DEBUG: Bypassed saving event with id: 21083578
2016-05-23 00:37:15,026 - __main__ - INFO - Attempting to save event with id: 20543463
2016-05-23 00:37:15,026 - __main__ - INFO - DEBUG: Bypassed saving event with id: 20543463
2016-05-23 00:37:15,026 - __main__ - INFO - Attempting to save event with id: 20539118
2016-05-23 00:37:15,026 - __main__ - INFO - DEBUG: Bypassed saving event with id: 20539118
2016-05-23 00:37:15,026 - __main__ - INFO - Attempting to save event with id: 20539123
2016-05-23 00:37:15,026 - __main__ - INFO - DEBUG: Bypassed saving event with id: 20539123
2016-05-23 00:37:15,026 - __main__ - INFO - Attempting to save event with id: 20537718
2016-05-23 00:37:15,026 - __main__ - INFO - DEBUG: Bypassed saving event with id: 20537718
2016-05-23 00:37:15,026 - __main__ - INFO - Attempting to save event with id: 20541253
2016-05-23 00:37:15,026 - __main__ - INFO - DEBUG: Bypassed saving event with id: 20541253
2016-05-23 00:37:15,026 - __main__ - INFO - Attempting to save event with id: 20982558
2016-05-23 00:37:15,026 - __main__ - INFO - DEBUG: Bypassed saving event with id: 20982558
2016-05-23 00:37:15,026 - __main__ - INFO - Attempting to save event with id: 20543288
2016-05-23 00:37:15,026 - __main__ - INFO - DEBUG: Bypassed saving event with id: 20543288
2016-05-23 00:37:15,026 - __main__ - INFO - Attempting to save event with id: 20539158
2016-05-23 00:37:15,026 - __main__ - INFO - DEBUG: Bypassed saving event with id: 20539158
2016-05-23 00:37:15,026 - __main__ - INFO - Attempting to save event with id: 20537763
2016-05-23 00:37:15,027 - __main__ - INFO - DEBUG: Bypassed saving event with id: 20537763
2016-05-23 00:37:15,027 - __main__ - INFO - Attempting to save event with id: 21637423
2016-05-23 00:37:15,027 - __main__ - INFO - DEBUG: Bypassed saving event with id: 21637423
2016-05-23 00:37:15,027 - __main__ - INFO - Attempting to save event with id: 21428813
2016-05-23 00:37:15,027 - __main__ - INFO - DEBUG: Bypassed saving event with id: 21428813
2016-05-23 00:37:15,027 - __main__ - INFO - Attempting to save event with id: 21431798
2016-05-23 00:37:15,027 - __main__ - INFO - DEBUG: Bypassed saving event with id: 21431798
2016-05-23 00:37:15,027 - __main__ - INFO - Attempting to save event with id: 21430063
2016-05-23 00:37:15,027 - __main__ - INFO - DEBUG: Bypassed saving event with id: 21430063
2016-05-23 00:37:15,027 - __main__ - INFO - Attempting to save event with id: 20868163
2016-05-23 00:37:15,027 - __main__ - INFO - DEBUG: Bypassed saving event with id: 20868163
2016-05-23 00:37:15,027 - __main__ - INFO - Attempting to save event with id: 21444368
2016-05-23 00:37:15,027 - __main__ - INFO - DEBUG: Bypassed saving event with id: 21444368
2016-05-23 00:37:15,027 - __main__ - INFO - Attempting to save event with id: 21455393
2016-05-23 00:37:15,027 - __main__ - INFO - DEBUG: Bypassed saving event with id: 21455393
2016-05-23 00:37:15,027 - __main__ - INFO - Attempting to save event with id: 21455398
2016-05-23 00:37:15,027 - __main__ - INFO - DEBUG: Bypassed saving event with id: 21455398
2016-05-23 00:37:15,027 - __main__ - INFO - Attempting to save event with id: 22195588
2016-05-23 00:37:15,027 - __main__ - INFO - DEBUG: Bypassed saving event with id: 22195588
2016-05-23 00:37:15,027 - __main__ - INFO - Attempting to save event with id: 22110293
2016-05-23 00:37:15,027 - __main__ - INFO - DEBUG: Bypassed saving event with id: 22110293
2016-05-23 00:37:15,028 - __main__ - INFO - Attempting to save event with id: 22393488
2016-05-23 00:37:15,028 - __main__ - INFO - DEBUG: Bypassed saving event with id: 22393488
2016-05-23 00:37:15,028 - __main__ - INFO - Attempting to save event with id: 22798133
2016-05-23 00:37:15,028 - __main__ - INFO - DEBUG: Bypassed saving event with id: 22798133
2016-05-23 00:37:15,028 - __main__ - INFO - Attempting to save event with id: 22024628
2016-05-23 00:37:15,028 - __main__ - INFO - DEBUG: Bypassed saving event with id: 22024628
2016-05-23 00:37:15,028 - __main__ - INFO - Attempting to save event with id: 22103958
2016-05-23 00:37:15,028 - __main__ - INFO - DEBUG: Bypassed saving event with id: 22103958
2016-05-23 00:37:15,028 - __main__ - INFO - Attempting to save event with id: 22103963
2016-05-23 00:37:15,028 - __main__ - INFO - DEBUG: Bypassed saving event with id: 22103963
2016-05-23 00:37:15,028 - __main__ - INFO - Attempting to save event with id: 22103968
2016-05-23 00:37:15,028 - __main__ - INFO - DEBUG: Bypassed saving event with id: 22103968
2016-05-23 00:37:15,028 - __main__ - INFO - Attempting to save event with id: 22103973
2016-05-23 00:37:15,028 - __main__ - INFO - DEBUG: Bypassed saving event with id: 22103973
2016-05-23 00:37:15,028 - __main__ - INFO - Attempting to save event with id: 22103978
2016-05-23 00:37:15,028 - __main__ - INFO - DEBUG: Bypassed saving event with id: 22103978
2016-05-23 00:37:15,028 - __main__ - INFO - Saved event data for Lolawolf (id: 7436004) with page 1, [1/2 artists]
2016-05-23 00:37:25,025 - __main__ - INFO - Requesting Gigography for: 7436004 with Page: 2
2016-05-23 00:37:25,351 - __main__ - INFO - Successfully received Gigography for: 7436004 with Page: 2
2016-05-23 00:37:25,351 - __main__ - INFO - Attempting to save event with id: 22103983
2016-05-23 00:37:25,351 - __main__ - INFO - DEBUG: Bypassed saving event with id: 22103983
2016-05-23 00:37:25,351 - __main__ - INFO - Attempting to save event with id: 22313143
2016-05-23 00:37:25,352 - __main__ - INFO - DEBUG: Bypassed saving event with id: 22313143
2016-05-23 00:37:25,352 - __main__ - INFO - Attempting to save event with id: 22103988
2016-05-23 00:37:25,352 - __main__ - INFO - DEBUG: Bypassed saving event with id: 22103988
2016-05-23 00:37:25,352 - __main__ - INFO - Attempting to save event with id: 22103993
2016-05-23 00:37:25,352 - __main__ - INFO - DEBUG: Bypassed saving event with id: 22103993
2016-05-23 00:37:25,352 - __main__ - INFO - Attempting to save event with id: 22103998
2016-05-23 00:37:25,352 - __main__ - INFO - DEBUG: Bypassed saving event with id: 22103998
2016-05-23 00:37:25,352 - __main__ - INFO - Attempting to save event with id: 22104003
2016-05-23 00:37:25,352 - __main__ - INFO - DEBUG: Bypassed saving event with id: 22104003
2016-05-23 00:37:25,352 - __main__ - INFO - Attempting to save event with id: 22104018
2016-05-23 00:37:25,352 - __main__ - INFO - DEBUG: Bypassed saving event with id: 22104018
2016-05-23 00:37:25,352 - __main__ - INFO - Attempting to save event with id: 22104023
2016-05-23 00:37:25,352 - __main__ - INFO - DEBUG: Bypassed saving event with id: 22104023
2016-05-23 00:37:25,352 - __main__ - INFO - Attempting to save event with id: 22764903
2016-05-23 00:37:25,352 - __main__ - INFO - DEBUG: Bypassed saving event with id: 22764903
2016-05-23 00:37:25,352 - __main__ - INFO - Attempting to save event with id: 24185449
2016-05-23 00:37:25,352 - __main__ - INFO - DEBUG: Bypassed saving event with id: 24185449
2016-05-23 00:37:25,352 - __main__ - INFO - Attempting to save event with id: 24352704
2016-05-23 00:37:25,353 - __main__ - INFO - DEBUG: Bypassed saving event with id: 24352704
2016-05-23 00:37:25,353 - __main__ - INFO - Attempting to save event with id: 24350529
2016-05-23 00:37:25,353 - __main__ - INFO - DEBUG: Bypassed saving event with id: 24350529
2016-05-23 00:37:25,353 - __main__ - INFO - Attempting to save event with id: 26065653
2016-05-23 00:37:25,353 - __main__ - INFO - DEBUG: Bypassed saving event with id: 26065653
2016-05-23 00:37:25,353 - __main__ - INFO - Saved event data for Lolawolf (id: 7436004) with page 2, [1/2 artists]
2016-05-23 00:37:35,352 - __main__ - INFO - Requesting Gigography for: 7436004 with Page: 3
2016-05-23 00:37:35,671 - __main__ - ERROR - Did not successfully receive Gigography data for: 7436004 page 3
2016-05-23 00:37:35,671 - __main__ - ERROR - JSON dump: {'resultsPage': {'results': {}, 'status': 'ok', 'perPage': 50, 'totalEntries': 63, 'page': 3}}
2016-05-23 00:37:35,671 - __main__ - INFO - Finished getting all gigographies from Songkick Events API.
