2016-05-23 00:39:37,116 - __main__ - INFO - Retrieved artist Doja Cat with id 8030683 from database.
2016-05-23 00:39:37,117 - __main__ - INFO - Retrieved artist Lolawolf with id 7436004 from database.
2016-05-23 00:39:37,117 - __main__ - INFO - Finished getting all artist profiles from Database.
2016-05-23 00:39:46,954 - __main__ - INFO - Requesting Gigography for: 8030683 with Page: 1
2016-05-23 00:39:47,580 - __main__ - INFO - Successfully received Gigography for: 8030683 with Page: 1
2016-05-23 00:39:47,580 - __main__ - INFO - Attempting to save event with id: 20208573
2016-05-23 00:39:47,580 - __main__ - INFO - DEBUG: Bypassed saving event with id: 20208573
2016-05-23 00:39:47,581 - __main__ - INFO - Attempting to save event with id: 19723969
2016-05-23 00:39:47,581 - __main__ - INFO - DEBUG: Bypassed saving event with id: 19723969
2016-05-23 00:39:47,581 - __main__ - INFO - Attempting to save event with id: 20783713
2016-05-23 00:39:47,581 - __main__ - INFO - DEBUG: Bypassed saving event with id: 20783713
2016-05-23 00:39:47,581 - __main__ - INFO - Attempting to save event with id: 20543438
2016-05-23 00:39:47,581 - __main__ - INFO - DEBUG: Bypassed saving event with id: 20543438
2016-05-23 00:39:47,581 - __main__ - INFO - Attempting to save event with id: 20461853
2016-05-23 00:39:47,581 - __main__ - INFO - DEBUG: Bypassed saving event with id: 20461853
2016-05-23 00:39:47,581 - __main__ - INFO - Attempting to save event with id: 20988033
2016-05-23 00:39:47,581 - __main__ - INFO - DEBUG: Bypassed saving event with id: 20988033
2016-05-23 00:39:47,581 - __main__ - INFO - Attempting to save event with id: 20423403
2016-05-23 00:39:47,581 - __main__ - INFO - DEBUG: Bypassed saving event with id: 20423403
2016-05-23 00:39:47,581 - __main__ - INFO - Attempting to save event with id: 21173288
2016-05-23 00:39:47,581 - __main__ - INFO - DEBUG: Bypassed saving event with id: 21173288
2016-05-23 00:39:47,581 - __main__ - INFO - Attempting to save event with id: 21132718
2016-05-23 00:39:47,581 - __main__ - INFO - DEBUG: Bypassed saving event with id: 21132718
2016-05-23 00:39:47,582 - __main__ - INFO - Attempting to save event with id: 20957943
2016-05-23 00:39:47,582 - __main__ - INFO - DEBUG: Bypassed saving event with id: 20957943
2016-05-23 00:39:47,582 - __main__ - INFO - Attempting to save event with id: 21042373
2016-05-23 00:39:47,582 - __main__ - INFO - DEBUG: Bypassed saving event with id: 21042373
2016-05-23 00:39:47,582 - __main__ - INFO - Attempting to save event with id: 21535603
2016-05-23 00:39:47,582 - __main__ - INFO - DEBUG: Bypassed saving event with id: 21535603
2016-05-23 00:39:47,582 - __main__ - INFO - Attempting to save event with id: 21421993
2016-05-23 00:39:47,582 - __main__ - INFO - DEBUG: Bypassed saving event with id: 21421993
2016-05-23 00:39:47,582 - __main__ - INFO - Attempting to save event with id: 21750828
2016-05-23 00:39:47,582 - __main__ - INFO - DEBUG: Bypassed saving event with id: 21750828
2016-05-23 00:39:47,582 - __main__ - INFO - Attempting to save event with id: 21764208
2016-05-23 00:39:47,582 - __main__ - INFO - DEBUG: Bypassed saving event with id: 21764208
2016-05-23 00:39:47,582 - __main__ - INFO - Attempting to save event with id: 21870668
2016-05-23 00:39:47,582 - __main__ - INFO - DEBUG: Bypassed saving event with id: 21870668
2016-05-23 00:39:47,582 - __main__ - INFO - Attempting to save event with id: 22151168
2016-05-23 00:39:47,582 - __main__ - INFO - DEBUG: Bypassed saving event with id: 22151168
2016-05-23 00:39:47,582 - __main__ - INFO - Attempting to save event with id: 22151173
2016-05-23 00:39:47,583 - __main__ - INFO - DEBUG: Bypassed saving event with id: 22151173
2016-05-23 00:39:47,583 - __main__ - INFO - Attempting to save event with id: 21875553
2016-05-23 00:39:47,583 - __main__ - INFO - DEBUG: Bypassed saving event with id: 21875553
2016-05-23 00:39:47,583 - __main__ - INFO - Attempting to save event with id: 22026458
2016-05-23 00:39:47,583 - __main__ - INFO - DEBUG: Bypassed saving event with id: 22026458
2016-05-23 00:39:47,583 - __main__ - INFO - Attempting to save event with id: 22217633
2016-05-23 00:39:47,583 - __main__ - INFO - DEBUG: Bypassed saving event with id: 22217633
2016-05-23 00:39:47,583 - __main__ - INFO - Attempting to save event with id: 22441483
2016-05-23 00:39:47,583 - __main__ - INFO - DEBUG: Bypassed saving event with id: 22441483
2016-05-23 00:39:47,583 - __main__ - INFO - Attempting to save event with id: 22439233
2016-05-23 00:39:47,583 - __main__ - INFO - DEBUG: Bypassed saving event with id: 22439233
2016-05-23 00:39:47,583 - __main__ - INFO - Attempting to save event with id: 22439253
2016-05-23 00:39:47,583 - __main__ - INFO - DEBUG: Bypassed saving event with id: 22439253
2016-05-23 00:39:47,583 - __main__ - INFO - Attempting to save event with id: 22491693
2016-05-23 00:39:47,583 - __main__ - INFO - DEBUG: Bypassed saving event with id: 22491693
2016-05-23 00:39:47,583 - __main__ - INFO - Attempting to save event with id: 22438908
2016-05-23 00:39:47,583 - __main__ - INFO - DEBUG: Bypassed saving event with id: 22438908
2016-05-23 00:39:47,584 - __main__ - INFO - Attempting to save event with id: 22437003
2016-05-23 00:39:47,584 - __main__ - INFO - DEBUG: Bypassed saving event with id: 22437003
2016-05-23 00:39:47,584 - __main__ - INFO - Attempting to save event with id: 22381043
2016-05-23 00:39:47,584 - __main__ - INFO - DEBUG: Bypassed saving event with id: 22381043
2016-05-23 00:39:47,584 - __main__ - INFO - Attempting to save event with id: 22441758
2016-05-23 00:39:47,584 - __main__ - INFO - DEBUG: Bypassed saving event with id: 22441758
2016-05-23 00:39:47,584 - __main__ - INFO - Attempting to save event with id: 22436838
2016-05-23 00:39:47,584 - __main__ - INFO - DEBUG: Bypassed saving event with id: 22436838
2016-05-23 00:39:47,584 - __main__ - INFO - Attempting to save event with id: 22441768
2016-05-23 00:39:47,584 - __main__ - INFO - DEBUG: Bypassed saving event with id: 22441768
2016-05-23 00:39:47,584 - __main__ - INFO - Attempting to save event with id: 22438958
2016-05-23 00:39:47,584 - __main__ - INFO - DEBUG: Bypassed saving event with id: 22438958
2016-05-23 00:39:47,584 - __main__ - INFO - Attempting to save event with id: 24750699
2016-05-23 00:39:47,584 - __main__ - INFO - DEBUG: Bypassed saving event with id: 24750699
2016-05-23 00:39:47,584 - __main__ - INFO - Attempting to save event with id: 24738309
2016-05-23 00:39:47,584 - __main__ - INFO - DEBUG: Bypassed saving event with id: 24738309
2016-05-23 00:39:47,584 - __main__ - INFO - Saved event data for Doja Cat (id: 8030683) with page 1, [1/2 artists]
2016-05-23 00:39:57,581 - __main__ - INFO - Requesting Gigography for: 8030683 with Page: 2
2016-05-23 00:39:58,002 - __main__ - ERROR - Did not successfully receive Gigography data for: 8030683 page 2
2016-05-23 00:39:58,002 - __main__ - ERROR - JSON dump: {'resultsPage': {'page': 2, 'perPage': 50, 'status': 'ok', 'totalEntries': 34, 'results': {}}}
2016-05-23 00:40:08,004 - __main__ - INFO - Requesting Gigography for: 7436004 with Page: 1
2016-05-23 00:40:08,517 - __main__ - INFO - Successfully received Gigography for: 7436004 with Page: 1
2016-05-23 00:40:08,518 - __main__ - INFO - Attempting to save event with id: 18455969
2016-05-23 00:40:08,518 - __main__ - INFO - DEBUG: Bypassed saving event with id: 18455969
2016-05-23 00:40:08,518 - __main__ - INFO - Attempting to save event with id: 18345469
2016-05-23 00:40:08,518 - __main__ - INFO - DEBUG: Bypassed saving event with id: 18345469
2016-05-23 00:40:08,518 - __main__ - INFO - Attempting to save event with id: 18437964
2016-05-23 00:40:08,518 - __main__ - INFO - DEBUG: Bypassed saving event with id: 18437964
2016-05-23 00:40:08,518 - __main__ - INFO - Attempting to save event with id: 18997994
2016-05-23 00:40:08,518 - __main__ - INFO - DEBUG: Bypassed saving event with id: 18997994
2016-05-23 00:40:08,518 - __main__ - INFO - Attempting to save event with id: 19204194
2016-05-23 00:40:08,518 - __main__ - INFO - DEBUG: Bypassed saving event with id: 19204194
2016-05-23 00:40:08,518 - __main__ - INFO - Attempting to save event with id: 19458854
2016-05-23 00:40:08,518 - __main__ - INFO - DEBUG: Bypassed saving event with id: 19458854
2016-05-23 00:40:08,518 - __main__ - INFO - Attempting to save event with id: 19541244
2016-05-23 00:40:08,518 - __main__ - INFO - DEBUG: Bypassed saving event with id: 19541244
2016-05-23 00:40:08,518 - __main__ - INFO - Attempting to save event with id: 18834119
2016-05-23 00:40:08,518 - __main__ - INFO - DEBUG: Bypassed saving event with id: 18834119
2016-05-23 00:40:08,518 - __main__ - INFO - Attempting to save event with id: 19640764
2016-05-23 00:40:08,519 - __main__ - INFO - DEBUG: Bypassed saving event with id: 19640764
2016-05-23 00:40:08,519 - __main__ - INFO - Attempting to save event with id: 19775599
2016-05-23 00:40:08,519 - __main__ - INFO - DEBUG: Bypassed saving event with id: 19775599
2016-05-23 00:40:08,519 - __main__ - INFO - Attempting to save event with id: 20323983
2016-05-23 00:40:08,519 - __main__ - INFO - DEBUG: Bypassed saving event with id: 20323983
2016-05-23 00:40:08,519 - __main__ - INFO - Attempting to save event with id: 20328813
2016-05-23 00:40:08,519 - __main__ - INFO - DEBUG: Bypassed saving event with id: 20328813
2016-05-23 00:40:08,519 - __main__ - INFO - Attempting to save event with id: 19708594
2016-05-23 00:40:08,519 - __main__ - INFO - DEBUG: Bypassed saving event with id: 19708594
2016-05-23 00:40:08,519 - __main__ - INFO - Attempting to save event with id: 19666239
2016-05-23 00:40:08,519 - __main__ - INFO - DEBUG: Bypassed saving event with id: 19666239
2016-05-23 00:40:08,519 - __main__ - INFO - Attempting to save event with id: 19708614
2016-05-23 00:40:08,519 - __main__ - INFO - DEBUG: Bypassed saving event with id: 19708614
2016-05-23 00:40:08,519 - __main__ - INFO - Attempting to save event with id: 19771839
2016-05-23 00:40:08,519 - __main__ - INFO - DEBUG: Bypassed saving event with id: 19771839
2016-05-23 00:40:08,519 - __main__ - INFO - Attempting to save event with id: 20205438
2016-05-23 00:40:08,519 - __main__ - INFO - DEBUG: Bypassed saving event with id: 20205438
2016-05-23 00:40:08,519 - __main__ - INFO - Attempting to save event with id: 20205448
2016-05-23 00:40:08,519 - __main__ - INFO - DEBUG: Bypassed saving event with id: 20205448
2016-05-23 00:40:08,520 - __main__ - INFO - Attempting to save event with id: 19546194
2016-05-23 00:40:08,520 - __main__ - INFO - DEBUG: Bypassed saving event with id: 19546194
2016-05-23 00:40:08,520 - __main__ - INFO - Attempting to save event with id: 21108418
2016-05-23 00:40:08,520 - __main__ - INFO - DEBUG: Bypassed saving event with id: 21108418
2016-05-23 00:40:08,520 - __main__ - INFO - Attempting to save event with id: 21545908
2016-05-23 00:40:08,520 - __main__ - INFO - DEBUG: Bypassed saving event with id: 21545908
2016-05-23 00:40:08,520 - __main__ - INFO - Attempting to save event with id: 20534463
2016-05-23 00:40:08,520 - __main__ - INFO - DEBUG: Bypassed saving event with id: 20534463
2016-05-23 00:40:08,520 - __main__ - INFO - Attempting to save event with id: 21083578
2016-05-23 00:40:08,520 - __main__ - INFO - DEBUG: Bypassed saving event with id: 21083578
2016-05-23 00:40:08,520 - __main__ - INFO - Attempting to save event with id: 20543463
2016-05-23 00:40:08,520 - __main__ - INFO - DEBUG: Bypassed saving event with id: 20543463
2016-05-23 00:40:08,520 - __main__ - INFO - Attempting to save event with id: 20539118
2016-05-23 00:40:08,520 - __main__ - INFO - DEBUG: Bypassed saving event with id: 20539118
2016-05-23 00:40:08,520 - __main__ - INFO - Attempting to save event with id: 20539123
2016-05-23 00:40:08,520 - __main__ - INFO - DEBUG: Bypassed saving event with id: 20539123
2016-05-23 00:40:08,520 - __main__ - INFO - Attempting to save event with id: 20537718
2016-05-23 00:40:08,520 - __main__ - INFO - DEBUG: Bypassed saving event with id: 20537718
2016-05-23 00:40:08,520 - __main__ - INFO - Attempting to save event with id: 20541253
2016-05-23 00:40:08,521 - __main__ - INFO - DEBUG: Bypassed saving event with id: 20541253
2016-05-23 00:40:08,521 - __main__ - INFO - Attempting to save event with id: 20982558
2016-05-23 00:40:08,521 - __main__ - INFO - DEBUG: Bypassed saving event with id: 20982558
2016-05-23 00:40:08,521 - __main__ - INFO - Attempting to save event with id: 20543288
2016-05-23 00:40:08,521 - __main__ - INFO - DEBUG: Bypassed saving event with id: 20543288
2016-05-23 00:40:08,521 - __main__ - INFO - Attempting to save event with id: 20539158
2016-05-23 00:40:08,521 - __main__ - INFO - DEBUG: Bypassed saving event with id: 20539158
2016-05-23 00:40:08,521 - __main__ - INFO - Attempting to save event with id: 20537763
2016-05-23 00:40:08,521 - __main__ - INFO - DEBUG: Bypassed saving event with id: 20537763
2016-05-23 00:40:08,521 - __main__ - INFO - Attempting to save event with id: 21637423
2016-05-23 00:40:08,521 - __main__ - INFO - DEBUG: Bypassed saving event with id: 21637423
2016-05-23 00:40:08,521 - __main__ - INFO - Attempting to save event with id: 21428813
2016-05-23 00:40:08,521 - __main__ - INFO - DEBUG: Bypassed saving event with id: 21428813
2016-05-23 00:40:08,521 - __main__ - INFO - Attempting to save event with id: 21431798
2016-05-23 00:40:08,521 - __main__ - INFO - DEBUG: Bypassed saving event with id: 21431798
2016-05-23 00:40:08,521 - __main__ - INFO - Attempting to save event with id: 21430063
2016-05-23 00:40:08,521 - __main__ - INFO - DEBUG: Bypassed saving event with id: 21430063
2016-05-23 00:40:08,521 - __main__ - INFO - Attempting to save event with id: 20868163
2016-05-23 00:40:08,521 - __main__ - INFO - DEBUG: Bypassed saving event with id: 20868163
2016-05-23 00:40:08,522 - __main__ - INFO - Attempting to save event with id: 21444368
2016-05-23 00:40:08,522 - __main__ - INFO - DEBUG: Bypassed saving event with id: 21444368
2016-05-23 00:40:08,522 - __main__ - INFO - Attempting to save event with id: 21455393
2016-05-23 00:40:08,522 - __main__ - INFO - DEBUG: Bypassed saving event with id: 21455393
2016-05-23 00:40:08,522 - __main__ - INFO - Attempting to save event with id: 21455398
2016-05-23 00:40:08,522 - __main__ - INFO - DEBUG: Bypassed saving event with id: 21455398
2016-05-23 00:40:08,522 - __main__ - INFO - Attempting to save event with id: 22195588
2016-05-23 00:40:08,522 - __main__ - INFO - DEBUG: Bypassed saving event with id: 22195588
2016-05-23 00:40:08,522 - __main__ - INFO - Attempting to save event with id: 22110293
2016-05-23 00:40:08,522 - __main__ - INFO - DEBUG: Bypassed saving event with id: 22110293
2016-05-23 00:40:08,522 - __main__ - INFO - Attempting to save event with id: 22393488
2016-05-23 00:40:08,522 - __main__ - INFO - DEBUG: Bypassed saving event with id: 22393488
2016-05-23 00:40:08,522 - __main__ - INFO - Attempting to save event with id: 22798133
2016-05-23 00:40:08,522 - __main__ - INFO - DEBUG: Bypassed saving event with id: 22798133
2016-05-23 00:40:08,522 - __main__ - INFO - Attempting to save event with id: 22024628
2016-05-23 00:40:08,522 - __main__ - INFO - DEBUG: Bypassed saving event with id: 22024628
2016-05-23 00:40:08,522 - __main__ - INFO - Attempting to save event with id: 22103958
2016-05-23 00:40:08,522 - __main__ - INFO - DEBUG: Bypassed saving event with id: 22103958
2016-05-23 00:40:08,522 - __main__ - INFO - Attempting to save event with id: 22103963
2016-05-23 00:40:08,522 - __main__ - INFO - DEBUG: Bypassed saving event with id: 22103963
2016-05-23 00:40:08,523 - __main__ - INFO - Attempting to save event with id: 22103968
2016-05-23 00:40:08,523 - __main__ - INFO - DEBUG: Bypassed saving event with id: 22103968
2016-05-23 00:40:08,523 - __main__ - INFO - Attempting to save event with id: 22103973
2016-05-23 00:40:08,523 - __main__ - INFO - DEBUG: Bypassed saving event with id: 22103973
2016-05-23 00:40:08,523 - __main__ - INFO - Attempting to save event with id: 22103978
2016-05-23 00:40:08,523 - __main__ - INFO - DEBUG: Bypassed saving event with id: 22103978
2016-05-23 00:40:08,523 - __main__ - INFO - Saved event data for Lolawolf (id: 7436004) with page 1, [2/2 artists]
2016-05-23 00:40:18,519 - __main__ - INFO - Requesting Gigography for: 7436004 with Page: 2
2016-05-23 00:40:18,908 - __main__ - INFO - Successfully received Gigography for: 7436004 with Page: 2
2016-05-23 00:40:18,910 - __main__ - INFO - Attempting to save event with id: 22103983
2016-05-23 00:40:18,912 - __main__ - INFO - DEBUG: Bypassed saving event with id: 22103983
2016-05-23 00:40:18,913 - __main__ - INFO - Attempting to save event with id: 22313143
2016-05-23 00:40:18,915 - __main__ - INFO - DEBUG: Bypassed saving event with id: 22313143
2016-05-23 00:40:18,917 - __main__ - INFO - Attempting to save event with id: 22103988
2016-05-23 00:40:18,922 - __main__ - INFO - DEBUG: Bypassed saving event with id: 22103988
2016-05-23 00:40:18,925 - __main__ - INFO - Attempting to save event with id: 22103993
2016-05-23 00:40:18,926 - __main__ - INFO - DEBUG: Bypassed saving event with id: 22103993
2016-05-23 00:40:18,927 - __main__ - INFO - Attempting to save event with id: 22103998
2016-05-23 00:40:18,928 - __main__ - INFO - DEBUG: Bypassed saving event with id: 22103998
2016-05-23 00:40:18,929 - __main__ - INFO - Attempting to save event with id: 22104003
2016-05-23 00:40:18,930 - __main__ - INFO - DEBUG: Bypassed saving event with id: 22104003
2016-05-23 00:40:18,933 - __main__ - INFO - Attempting to save event with id: 22104018
2016-05-23 00:40:18,935 - __main__ - INFO - DEBUG: Bypassed saving event with id: 22104018
2016-05-23 00:40:18,937 - __main__ - INFO - Attempting to save event with id: 22104023
2016-05-23 00:40:18,938 - __main__ - INFO - DEBUG: Bypassed saving event with id: 22104023
2016-05-23 00:40:18,940 - __main__ - INFO - Attempting to save event with id: 22764903
2016-05-23 00:40:18,942 - __main__ - INFO - DEBUG: Bypassed saving event with id: 22764903
2016-05-23 00:40:18,944 - __main__ - INFO - Attempting to save event with id: 24185449
2016-05-23 00:40:18,945 - __main__ - INFO - DEBUG: Bypassed saving event with id: 24185449
2016-05-23 00:40:18,945 - __main__ - INFO - Attempting to save event with id: 24352704
2016-05-23 00:40:18,946 - __main__ - INFO - DEBUG: Bypassed saving event with id: 24352704
2016-05-23 00:40:18,948 - __main__ - INFO - Attempting to save event with id: 24350529
2016-05-23 00:40:18,951 - __main__ - INFO - DEBUG: Bypassed saving event with id: 24350529
2016-05-23 00:40:18,953 - __main__ - INFO - Attempting to save event with id: 26065653
2016-05-23 00:40:18,955 - __main__ - INFO - DEBUG: Bypassed saving event with id: 26065653
2016-05-23 00:40:18,957 - __main__ - INFO - Saved event data for Lolawolf (id: 7436004) with page 2, [2/2 artists]
2016-05-23 00:40:28,945 - __main__ - INFO - Requesting Gigography for: 7436004 with Page: 3
2016-05-23 00:40:29,263 - __main__ - ERROR - Did not successfully receive Gigography data for: 7436004 page 3
2016-05-23 00:40:29,263 - __main__ - ERROR - JSON dump: {'resultsPage': {'page': 3, 'perPage': 50, 'status': 'ok', 'totalEntries': 63, 'results': {}}}
2016-05-23 00:40:29,264 - __main__ - INFO - Finished getting all gigographies from Songkick Events API.
