2016-05-21 18:27:30,915 - __main__ - INFO - Requesting Artist for: Doja Cat
2016-05-21 18:27:31,588 - __main__ - INFO - Successfully received Artist data for: Doja Cat
2016-05-21 18:27:31,588 - __main__ - INFO - Attempting to save artist with id: 8030683
2016-05-21 18:27:31,590 - __main__ - ERROR - DuplicateKeyError when saving aritst with id: 8030683
2016-05-21 18:27:41,590 - __main__ - INFO - Requesting Artist for: Lolawolf
2016-05-21 18:27:42,237 - __main__ - INFO - Successfully received Artist data for: Lolawolf
2016-05-21 18:27:42,237 - __main__ - INFO - Attempting to save artist with id: 7436004
2016-05-21 18:27:42,238 - __main__ - ERROR - DuplicateKeyError when saving aritst with id: 7436004
2016-05-21 18:27:42,238 - __main__ - INFO - Finished getting all artist names from Songkick Search API.
2016-05-21 18:27:52,033 - __main__ - INFO - Requesting Gigography for: 8030683 with Page: 1
2016-05-21 18:27:52,571 - __main__ - INFO - Successfully received Gigography for: 8030683 with Page: 1
2016-05-21 18:27:52,571 - __main__ - INFO - Attempting to save event with id: 20208573
2016-05-21 18:27:52,572 - __main__ - ERROR - DuplicateKeyError when saving event with id: 20208573
2016-05-21 18:27:52,572 - __main__ - INFO - Attempting to save event with id: 19723969
2016-05-21 18:27:52,572 - __main__ - ERROR - DuplicateKeyError when saving event with id: 19723969
2016-05-21 18:27:52,572 - __main__ - INFO - Attempting to save event with id: 20783713
2016-05-21 18:27:52,573 - __main__ - ERROR - DuplicateKeyError when saving event with id: 20783713
2016-05-21 18:27:52,573 - __main__ - INFO - Attempting to save event with id: 20543438
2016-05-21 18:27:52,573 - __main__ - ERROR - DuplicateKeyError when saving event with id: 20543438
2016-05-21 18:27:52,573 - __main__ - INFO - Attempting to save event with id: 20461853
2016-05-21 18:27:52,574 - __main__ - ERROR - DuplicateKeyError when saving event with id: 20461853
2016-05-21 18:27:52,574 - __main__ - INFO - Attempting to save event with id: 20988033
2016-05-21 18:27:52,574 - __main__ - ERROR - DuplicateKeyError when saving event with id: 20988033
2016-05-21 18:27:52,574 - __main__ - INFO - Attempting to save event with id: 20423403
2016-05-21 18:27:52,575 - __main__ - ERROR - DuplicateKeyError when saving event with id: 20423403
2016-05-21 18:27:52,575 - __main__ - INFO - Attempting to save event with id: 21173288
2016-05-21 18:27:52,577 - __main__ - ERROR - DuplicateKeyError when saving event with id: 21173288
2016-05-21 18:27:52,577 - __main__ - INFO - Attempting to save event with id: 21132718
2016-05-21 18:27:52,577 - __main__ - ERROR - DuplicateKeyError when saving event with id: 21132718
2016-05-21 18:27:52,578 - __main__ - INFO - Attempting to save event with id: 20957943
2016-05-21 18:27:52,578 - __main__ - ERROR - DuplicateKeyError when saving event with id: 20957943
2016-05-21 18:27:52,578 - __main__ - INFO - Attempting to save event with id: 21042373
2016-05-21 18:27:52,581 - __main__ - ERROR - DuplicateKeyError when saving event with id: 21042373
2016-05-21 18:27:52,581 - __main__ - INFO - Attempting to save event with id: 21535603
2016-05-21 18:27:52,581 - __main__ - ERROR - DuplicateKeyError when saving event with id: 21535603
2016-05-21 18:27:52,582 - __main__ - INFO - Attempting to save event with id: 21421993
2016-05-21 18:27:52,582 - __main__ - ERROR - DuplicateKeyError when saving event with id: 21421993
2016-05-21 18:27:52,582 - __main__ - INFO - Attempting to save event with id: 21750828
2016-05-21 18:27:52,583 - __main__ - ERROR - DuplicateKeyError when saving event with id: 21750828
2016-05-21 18:27:52,583 - __main__ - INFO - Attempting to save event with id: 21764208
2016-05-21 18:27:52,584 - __main__ - ERROR - DuplicateKeyError when saving event with id: 21764208
2016-05-21 18:27:52,584 - __main__ - INFO - Attempting to save event with id: 21870668
2016-05-21 18:27:52,585 - __main__ - ERROR - DuplicateKeyError when saving event with id: 21870668
2016-05-21 18:27:52,585 - __main__ - INFO - Attempting to save event with id: 22151168
2016-05-21 18:27:52,585 - __main__ - ERROR - DuplicateKeyError when saving event with id: 22151168
2016-05-21 18:27:52,585 - __main__ - INFO - Attempting to save event with id: 22151173
2016-05-21 18:27:52,586 - __main__ - ERROR - DuplicateKeyError when saving event with id: 22151173
2016-05-21 18:27:52,586 - __main__ - INFO - Attempting to save event with id: 21875553
2016-05-21 18:27:52,586 - __main__ - ERROR - DuplicateKeyError when saving event with id: 21875553
2016-05-21 18:27:52,586 - __main__ - INFO - Attempting to save event with id: 22026458
2016-05-21 18:27:52,587 - __main__ - ERROR - DuplicateKeyError when saving event with id: 22026458
2016-05-21 18:27:52,587 - __main__ - INFO - Attempting to save event with id: 22217633
2016-05-21 18:27:52,587 - __main__ - ERROR - DuplicateKeyError when saving event with id: 22217633
2016-05-21 18:27:52,587 - __main__ - INFO - Attempting to save event with id: 22441483
2016-05-21 18:27:52,588 - __main__ - ERROR - DuplicateKeyError when saving event with id: 22441483
2016-05-21 18:27:52,588 - __main__ - INFO - Attempting to save event with id: 22439233
2016-05-21 18:27:52,588 - __main__ - ERROR - DuplicateKeyError when saving event with id: 22439233
2016-05-21 18:27:52,588 - __main__ - INFO - Attempting to save event with id: 22439253
2016-05-21 18:27:52,589 - __main__ - ERROR - DuplicateKeyError when saving event with id: 22439253
2016-05-21 18:27:52,589 - __main__ - INFO - Attempting to save event with id: 22491693
2016-05-21 18:27:52,589 - __main__ - ERROR - DuplicateKeyError when saving event with id: 22491693
2016-05-21 18:27:52,589 - __main__ - INFO - Attempting to save event with id: 22438908
2016-05-21 18:27:52,590 - __main__ - ERROR - DuplicateKeyError when saving event with id: 22438908
2016-05-21 18:27:52,590 - __main__ - INFO - Attempting to save event with id: 22437003
2016-05-21 18:27:52,590 - __main__ - ERROR - DuplicateKeyError when saving event with id: 22437003
2016-05-21 18:27:52,590 - __main__ - INFO - Attempting to save event with id: 22381043
2016-05-21 18:27:52,591 - __main__ - ERROR - DuplicateKeyError when saving event with id: 22381043
2016-05-21 18:27:52,591 - __main__ - INFO - Attempting to save event with id: 22441758
2016-05-21 18:27:52,591 - __main__ - ERROR - DuplicateKeyError when saving event with id: 22441758
2016-05-21 18:27:52,591 - __main__ - INFO - Attempting to save event with id: 22436838
2016-05-21 18:27:52,592 - __main__ - ERROR - DuplicateKeyError when saving event with id: 22436838
2016-05-21 18:27:52,592 - __main__ - INFO - Attempting to save event with id: 22441768
2016-05-21 18:27:52,592 - __main__ - ERROR - DuplicateKeyError when saving event with id: 22441768
2016-05-21 18:27:52,592 - __main__ - INFO - Attempting to save event with id: 22438958
2016-05-21 18:27:52,593 - __main__ - ERROR - DuplicateKeyError when saving event with id: 22438958
2016-05-21 18:27:52,593 - __main__ - INFO - Attempting to save event with id: 24750699
2016-05-21 18:27:52,593 - __main__ - ERROR - DuplicateKeyError when saving event with id: 24750699
2016-05-21 18:27:52,593 - __main__ - INFO - Attempting to save event with id: 24738309
2016-05-21 18:27:52,594 - __main__ - ERROR - DuplicateKeyError when saving event with id: 24738309
2016-05-21 18:28:02,580 - __main__ - INFO - Requesting Gigography for: 8030683 with Page: 2
2016-05-21 18:28:02,931 - __main__ - ERROR - Did not successfully receive Gigography data for: 8030683 page 2
2016-05-21 18:28:02,931 - __main__ - ERROR - JSON dump: {'resultsPage': {'perPage': 50, 'totalEntries': 34, 'status': 'ok', 'page': 2, 'results': {}}}
2016-05-21 18:28:12,931 - __main__ - INFO - Requesting Gigography for: 7436004 with Page: 1
2016-05-21 18:28:13,499 - __main__ - INFO - Successfully received Gigography for: 7436004 with Page: 1
2016-05-21 18:28:13,499 - __main__ - INFO - Attempting to save event with id: 18455969
2016-05-21 18:28:13,500 - __main__ - ERROR - DuplicateKeyError when saving event with id: 18455969
2016-05-21 18:28:13,500 - __main__ - INFO - Attempting to save event with id: 18345469
2016-05-21 18:28:13,500 - __main__ - ERROR - DuplicateKeyError when saving event with id: 18345469
2016-05-21 18:28:13,501 - __main__ - INFO - Attempting to save event with id: 18437964
2016-05-21 18:28:13,502 - __main__ - ERROR - DuplicateKeyError when saving event with id: 18437964
2016-05-21 18:28:13,502 - __main__ - INFO - Attempting to save event with id: 18997994
2016-05-21 18:28:13,502 - __main__ - ERROR - DuplicateKeyError when saving event with id: 18997994
2016-05-21 18:28:13,502 - __main__ - INFO - Attempting to save event with id: 19204194
2016-05-21 18:28:13,503 - __main__ - ERROR - DuplicateKeyError when saving event with id: 19204194
2016-05-21 18:28:13,503 - __main__ - INFO - Attempting to save event with id: 19458854
2016-05-21 18:28:13,503 - __main__ - ERROR - DuplicateKeyError when saving event with id: 19458854
2016-05-21 18:28:13,503 - __main__ - INFO - Attempting to save event with id: 19541244
2016-05-21 18:28:13,504 - __main__ - ERROR - DuplicateKeyError when saving event with id: 19541244
2016-05-21 18:28:13,504 - __main__ - INFO - Attempting to save event with id: 18834119
2016-05-21 18:28:13,504 - __main__ - ERROR - DuplicateKeyError when saving event with id: 18834119
2016-05-21 18:28:13,504 - __main__ - INFO - Attempting to save event with id: 19640764
2016-05-21 18:28:13,505 - __main__ - ERROR - DuplicateKeyError when saving event with id: 19640764
2016-05-21 18:28:13,505 - __main__ - INFO - Attempting to save event with id: 19775599
2016-05-21 18:28:13,505 - __main__ - ERROR - DuplicateKeyError when saving event with id: 19775599
2016-05-21 18:28:13,505 - __main__ - INFO - Attempting to save event with id: 20323983
2016-05-21 18:28:13,506 - __main__ - ERROR - DuplicateKeyError when saving event with id: 20323983
2016-05-21 18:28:13,506 - __main__ - INFO - Attempting to save event with id: 20328813
2016-05-21 18:28:13,506 - __main__ - ERROR - DuplicateKeyError when saving event with id: 20328813
2016-05-21 18:28:13,506 - __main__ - INFO - Attempting to save event with id: 19708594
2016-05-21 18:28:13,507 - __main__ - ERROR - DuplicateKeyError when saving event with id: 19708594
2016-05-21 18:28:13,507 - __main__ - INFO - Attempting to save event with id: 19666239
2016-05-21 18:28:13,507 - __main__ - ERROR - DuplicateKeyError when saving event with id: 19666239
2016-05-21 18:28:13,507 - __main__ - INFO - Attempting to save event with id: 19708614
2016-05-21 18:28:13,508 - __main__ - ERROR - DuplicateKeyError when saving event with id: 19708614
2016-05-21 18:28:13,508 - __main__ - INFO - Attempting to save event with id: 19771839
2016-05-21 18:28:13,508 - __main__ - ERROR - DuplicateKeyError when saving event with id: 19771839
2016-05-21 18:28:13,508 - __main__ - INFO - Attempting to save event with id: 20205438
2016-05-21 18:28:13,509 - __main__ - ERROR - DuplicateKeyError when saving event with id: 20205438
2016-05-21 18:28:13,509 - __main__ - INFO - Attempting to save event with id: 20205448
2016-05-21 18:28:13,509 - __main__ - ERROR - DuplicateKeyError when saving event with id: 20205448
2016-05-21 18:28:13,509 - __main__ - INFO - Attempting to save event with id: 19546194
2016-05-21 18:28:13,510 - __main__ - ERROR - DuplicateKeyError when saving event with id: 19546194
2016-05-21 18:28:13,510 - __main__ - INFO - Attempting to save event with id: 21108418
2016-05-21 18:28:13,510 - __main__ - ERROR - DuplicateKeyError when saving event with id: 21108418
2016-05-21 18:28:13,510 - __main__ - INFO - Attempting to save event with id: 21545908
2016-05-21 18:28:13,511 - __main__ - ERROR - DuplicateKeyError when saving event with id: 21545908
2016-05-21 18:28:13,511 - __main__ - INFO - Attempting to save event with id: 20534463
2016-05-21 18:28:13,511 - __main__ - ERROR - DuplicateKeyError when saving event with id: 20534463
2016-05-21 18:28:13,511 - __main__ - INFO - Attempting to save event with id: 21083578
2016-05-21 18:28:13,512 - __main__ - ERROR - DuplicateKeyError when saving event with id: 21083578
2016-05-21 18:28:13,512 - __main__ - INFO - Attempting to save event with id: 20543463
2016-05-21 18:28:13,512 - __main__ - ERROR - DuplicateKeyError when saving event with id: 20543463
2016-05-21 18:28:13,512 - __main__ - INFO - Attempting to save event with id: 20539118
2016-05-21 18:28:13,513 - __main__ - ERROR - DuplicateKeyError when saving event with id: 20539118
2016-05-21 18:28:13,513 - __main__ - INFO - Attempting to save event with id: 20539123
2016-05-21 18:28:13,513 - __main__ - ERROR - DuplicateKeyError when saving event with id: 20539123
2016-05-21 18:28:13,514 - __main__ - INFO - Attempting to save event with id: 20537718
2016-05-21 18:28:13,514 - __main__ - ERROR - DuplicateKeyError when saving event with id: 20537718
2016-05-21 18:28:13,514 - __main__ - INFO - Attempting to save event with id: 20541253
2016-05-21 18:28:13,514 - __main__ - ERROR - DuplicateKeyError when saving event with id: 20541253
2016-05-21 18:28:13,514 - __main__ - INFO - Attempting to save event with id: 20982558
2016-05-21 18:28:13,517 - __main__ - ERROR - DuplicateKeyError when saving event with id: 20982558
2016-05-21 18:28:13,517 - __main__ - INFO - Attempting to save event with id: 20543288
2016-05-21 18:28:13,517 - __main__ - ERROR - DuplicateKeyError when saving event with id: 20543288
2016-05-21 18:28:13,517 - __main__ - INFO - Attempting to save event with id: 20539158
2016-05-21 18:28:13,518 - __main__ - ERROR - DuplicateKeyError when saving event with id: 20539158
2016-05-21 18:28:13,518 - __main__ - INFO - Attempting to save event with id: 20537763
2016-05-21 18:28:13,518 - __main__ - ERROR - DuplicateKeyError when saving event with id: 20537763
2016-05-21 18:28:13,518 - __main__ - INFO - Attempting to save event with id: 21637423
2016-05-21 18:28:13,519 - __main__ - ERROR - DuplicateKeyError when saving event with id: 21637423
2016-05-21 18:28:13,519 - __main__ - INFO - Attempting to save event with id: 21428813
2016-05-21 18:28:13,519 - __main__ - ERROR - DuplicateKeyError when saving event with id: 21428813
2016-05-21 18:28:13,519 - __main__ - INFO - Attempting to save event with id: 21431798
2016-05-21 18:28:13,520 - __main__ - ERROR - DuplicateKeyError when saving event with id: 21431798
2016-05-21 18:28:13,520 - __main__ - INFO - Attempting to save event with id: 21430063
2016-05-21 18:28:13,520 - __main__ - ERROR - DuplicateKeyError when saving event with id: 21430063
2016-05-21 18:28:13,520 - __main__ - INFO - Attempting to save event with id: 20868163
2016-05-21 18:28:13,521 - __main__ - ERROR - DuplicateKeyError when saving event with id: 20868163
2016-05-21 18:28:13,521 - __main__ - INFO - Attempting to save event with id: 21444368
2016-05-21 18:28:13,522 - __main__ - ERROR - DuplicateKeyError when saving event with id: 21444368
2016-05-21 18:28:13,522 - __main__ - INFO - Attempting to save event with id: 21455393
2016-05-21 18:28:13,522 - __main__ - ERROR - DuplicateKeyError when saving event with id: 21455393
2016-05-21 18:28:13,522 - __main__ - INFO - Attempting to save event with id: 21455398
2016-05-21 18:28:13,523 - __main__ - ERROR - DuplicateKeyError when saving event with id: 21455398
2016-05-21 18:28:13,523 - __main__ - INFO - Attempting to save event with id: 22195588
2016-05-21 18:28:13,523 - __main__ - ERROR - DuplicateKeyError when saving event with id: 22195588
2016-05-21 18:28:13,523 - __main__ - INFO - Attempting to save event with id: 22110293
2016-05-21 18:28:13,524 - __main__ - ERROR - DuplicateKeyError when saving event with id: 22110293
2016-05-21 18:28:13,524 - __main__ - INFO - Attempting to save event with id: 22393488
2016-05-21 18:28:13,524 - __main__ - ERROR - DuplicateKeyError when saving event with id: 22393488
2016-05-21 18:28:13,524 - __main__ - INFO - Attempting to save event with id: 22798133
2016-05-21 18:28:13,525 - __main__ - ERROR - DuplicateKeyError when saving event with id: 22798133
2016-05-21 18:28:13,525 - __main__ - INFO - Attempting to save event with id: 22024628
2016-05-21 18:28:13,530 - __main__ - ERROR - DuplicateKeyError when saving event with id: 22024628
2016-05-21 18:28:13,530 - __main__ - INFO - Attempting to save event with id: 22103958
2016-05-21 18:28:13,531 - __main__ - ERROR - DuplicateKeyError when saving event with id: 22103958
2016-05-21 18:28:13,531 - __main__ - INFO - Attempting to save event with id: 22103963
2016-05-21 18:28:13,531 - __main__ - ERROR - DuplicateKeyError when saving event with id: 22103963
2016-05-21 18:28:13,531 - __main__ - INFO - Attempting to save event with id: 22103968
2016-05-21 18:28:13,532 - __main__ - ERROR - DuplicateKeyError when saving event with id: 22103968
2016-05-21 18:28:13,532 - __main__ - INFO - Attempting to save event with id: 22103973
2016-05-21 18:28:13,532 - __main__ - ERROR - DuplicateKeyError when saving event with id: 22103973
2016-05-21 18:28:13,532 - __main__ - INFO - Attempting to save event with id: 22103978
2016-05-21 18:28:13,533 - __main__ - ERROR - DuplicateKeyError when saving event with id: 22103978
2016-05-21 18:28:23,510 - __main__ - INFO - Requesting Gigography for: 7436004 with Page: 2
2016-05-21 18:28:23,837 - __main__ - INFO - Successfully received Gigography for: 7436004 with Page: 2
2016-05-21 18:28:23,837 - __main__ - INFO - Attempting to save event with id: 22103983
2016-05-21 18:28:23,838 - __main__ - ERROR - DuplicateKeyError when saving event with id: 22103983
2016-05-21 18:28:23,838 - __main__ - INFO - Attempting to save event with id: 22313143
2016-05-21 18:28:23,838 - __main__ - ERROR - DuplicateKeyError when saving event with id: 22313143
2016-05-21 18:28:23,838 - __main__ - INFO - Attempting to save event with id: 22103988
2016-05-21 18:28:23,839 - __main__ - ERROR - DuplicateKeyError when saving event with id: 22103988
2016-05-21 18:28:23,839 - __main__ - INFO - Attempting to save event with id: 22103993
2016-05-21 18:28:23,839 - __main__ - ERROR - DuplicateKeyError when saving event with id: 22103993
2016-05-21 18:28:23,840 - __main__ - INFO - Attempting to save event with id: 22103998
2016-05-21 18:28:23,840 - __main__ - ERROR - DuplicateKeyError when saving event with id: 22103998
2016-05-21 18:28:23,840 - __main__ - INFO - Attempting to save event with id: 22104003
2016-05-21 18:28:23,840 - __main__ - ERROR - DuplicateKeyError when saving event with id: 22104003
2016-05-21 18:28:23,841 - __main__ - INFO - Attempting to save event with id: 22104018
2016-05-21 18:28:23,841 - __main__ - ERROR - DuplicateKeyError when saving event with id: 22104018
2016-05-21 18:28:23,841 - __main__ - INFO - Attempting to save event with id: 22104023
2016-05-21 18:28:23,842 - __main__ - ERROR - DuplicateKeyError when saving event with id: 22104023
2016-05-21 18:28:23,842 - __main__ - INFO - Attempting to save event with id: 22764903
2016-05-21 18:28:23,842 - __main__ - ERROR - DuplicateKeyError when saving event with id: 22764903
2016-05-21 18:28:23,842 - __main__ - INFO - Attempting to save event with id: 24185449
2016-05-21 18:28:23,843 - __main__ - ERROR - DuplicateKeyError when saving event with id: 24185449
2016-05-21 18:28:23,843 - __main__ - INFO - Attempting to save event with id: 24352704
2016-05-21 18:28:23,843 - __main__ - ERROR - DuplicateKeyError when saving event with id: 24352704
2016-05-21 18:28:23,843 - __main__ - INFO - Attempting to save event with id: 24350529
2016-05-21 18:28:23,843 - __main__ - ERROR - DuplicateKeyError when saving event with id: 24350529
2016-05-21 18:28:23,844 - __main__ - INFO - Attempting to save event with id: 26065653
2016-05-21 18:28:23,844 - __main__ - ERROR - DuplicateKeyError when saving event with id: 26065653
2016-05-21 18:28:33,846 - __main__ - INFO - Requesting Gigography for: 7436004 with Page: 3
2016-05-21 18:28:34,163 - __main__ - ERROR - Did not successfully receive Gigography data for: 7436004 page 3
2016-05-21 18:28:34,163 - __main__ - ERROR - JSON dump: {'resultsPage': {'perPage': 50, 'totalEntries': 63, 'status': 'ok', 'page': 3, 'results': {}}}
2016-05-21 18:28:34,163 - __main__ - INFO - Finished getting all gigographies from Songkick Events API.
